Build started 10/7/2018 6:22:04 PM.
     1>Project "E:\University\Second Year\Second Semester\OOP\Final OOP 11 AM\ProjectOOP3 Final\ProjectOOP\ProjectOOP.vcxproj" on node 2 (Build target(s)).
     1>ClCompile:
         C:\Program Files (x86)\Microsoft Visual Studio 14.0\VC\bin\CL.exe /c /ZI /nologo /W3 /WX- /sdl /Od /Oy- /D WIN32 /D _DEBUG /D _CONSOLE /D _UNICODE /D UNICODE /Gm /EHsc /RTC1 /MDd /GS /fp:precise /Zc:wchar_t /Zc:forScope /Zc:inline /Fo"Debug\\" /Fd"Debug\vc140.pdb" /Gd /TP /analyze- /errorReport:prompt Match.cpp Player.cpp Source.cpp Team.cpp
         Team.cpp
     1>e:\university\second year\second semester\oop\final oop 11 am\projectoop3 final\projectoop\team.cpp(437): warning C4018: '<': signed/unsigned mismatch
     1>e:\university\second year\second semester\oop\final oop 11 am\projectoop3 final\projectoop\team.cpp(455): warning C4018: '<': signed/unsigned mismatch
     1>e:\university\second year\second semester\oop\final oop 11 am\projectoop3 final\projectoop\team.cpp(495): warning C4018: '<': signed/unsigned mismatch
     1>e:\university\second year\second semester\oop\final oop 11 am\projectoop3 final\projectoop\team.cpp(523): warning C4018: '<': signed/unsigned mismatch
     1>e:\university\second year\second semester\oop\final oop 11 am\projectoop3 final\projectoop\team.cpp(558): warning C4018: '<': signed/unsigned mismatch
     1>e:\university\second year\second semester\oop\final oop 11 am\projectoop3 final\projectoop\team.cpp(566): warning C4018: '<': signed/unsigned mismatch
         Source.cpp
         Player.cpp
     1>e:\university\second year\second semester\oop\final oop 11 am\projectoop3 final\projectoop\player.cpp(409): warning C4018: '<': signed/unsigned mismatch
         Match.cpp
         Generating Code...
       Link:
         C:\Program Files (x86)\Microsoft Visual Studio 14.0\VC\bin\link.exe /ERRORREPORT:PROMPT /OUT:"E:\University\Second Year\Second Semester\OOP\Final OOP 11 AM\ProjectOOP3 Final\Debug\ProjectOOP.exe" /INCREMENTAL /NOLOGO kernel32.lib user32.lib gdi32.lib winspool.lib comdlg32.lib advapi32.lib shell32.lib ole32.lib oleaut32.lib uuid.lib odbc32.lib odbccp32.lib /MANIFEST /MANIFESTUAC:"level='asInvoker' uiAccess='false'" /manifest:embed /Debug /PDB:"E:\University\Second Year\Second Semester\OOP\Final OOP 11 AM\ProjectOOP3 Final\Debug\ProjectOOP.pdb" /SUBSYSTEM:CONSOLE /TLBID:1 /DYNAMICBASE /NXCOMPAT /IMPLIB:"E:\University\Second Year\Second Semester\OOP\Final OOP 11 AM\ProjectOOP3 Final\Debug\ProjectOOP.lib" /MACHINE:X86 Debug\Match.obj
         Debug\Player.obj
         Debug\Source.obj
         Debug\Team.obj
         ProjectOOP.vcxproj -> E:\University\Second Year\Second Semester\OOP\Final OOP 11 AM\ProjectOOP3 Final\Debug\ProjectOOP.exe
     1>Done Building Project "E:\University\Second Year\Second Semester\OOP\Final OOP 11 AM\ProjectOOP3 Final\ProjectOOP\ProjectOOP.vcxproj" (Build target(s)).

Build succeeded.

Time Elapsed 00:00:18.82
